# JRE version: Java(TM) SE Runtime Environment (17.0.10+11) (build 17.0.10+11-LTS-240)
# Java VM: Java HotSpot(TM) 64-Bit Server VM (17.0.10+11-LTS-240, mixed mode, sharing, tiered, compressed oops, compressed class ptrs, g1 gc, windows-amd64)
GC Precious Log:
 CPUs: 8 total, 8 available
 Memory: 16336M
 Large Page Support: Disabled
 NUMA Support: Disabled
 Compressed Oops: Enabled (32-bit)
 Heap Region Size: 1M
 Heap Min Capacity: 8M
 Heap Initial Capacity: 256M
 Heap Max Capacity: 1G
 Pre-touch: Disabled
 Parallel Workers: 8
 Concurrent Workers: 2
 Concurrent Refinement Workers: 8
 Periodic GC: Disabled
Heap:
 garbage-first heap   total 215040K, used 111238K [0x00000000c0000000, 0x0000000100000000)
  region size 1024K, 39 young (39936K), 11 survivors (11264K)
 Metaspace       used 9594K, committed 9792K, reserved 1114112K
  class space    used 1483K, committed 1600K, reserved 1048576K
GC Heap History (20 events):
Event: 1.765 GC heap before
{Heap before GC invocations=19 (full 4):
 garbage-first heap   total 71680K, used 52540K [0x00000000c0000000, 0x0000000100000000)
  region size 1024K, 26 young (26624K), 4 survivors (4096K)
 Metaspace       used 7909K, committed 8128K, reserved 1114112K
  class space    used 1209K, committed 1344K, reserved 1048576K
}
Event: 1.774 GC heap after
{Heap after GC invocations=20 (full 4):
 garbage-first heap   total 71680K, used 32829K [0x00000000c0000000, 0x0000000100000000)
  region size 1024K, 3 young (3072K), 3 survivors (3072K)
 Metaspace       used 7909K, committed 8128K, reserved 1114112K
  class space    used 1209K, committed 1344K, reserved 1048576K
}
Event: 1.797 GC heap before
{Heap before GC invocations=20 (full 4):
 garbage-first heap   total 71680K, used 54333K [0x00000000c0000000, 0x0000000100000000)
  region size 1024K, 24 young (24576K), 3 survivors (3072K)
 Metaspace       used 7909K, committed 8128K, reserved 1114112K
  class space    used 1209K, committed 1344K, reserved 1048576K
}
Event: 1.803 GC heap after
{Heap after GC invocations=21 (full 4):
 garbage-first heap   total 151552K, used 34731K [0x00000000c0000000, 0x0000000100000000)
  region size 1024K, 3 young (3072K), 3 survivors (3072K)
 Metaspace       used 7909K, committed 8128K, reserved 1114112K
  class space    used 1209K, committed 1344K, reserved 1048576K
}
Event: 1.927 GC heap before
{Heap before GC invocations=21 (full 4):
 garbage-first heap   total 151552K, used 113579K [0x00000000c0000000, 0x0000000100000000)
  region size 1024K, 80 young (81920K), 3 survivors (3072K)
 Metaspace       used 7910K, committed 8128K, reserved 1114112K
  class space    used 1209K, committed 1344K, reserved 1048576K
}
Event: 1.941 GC heap after
{Heap after GC invocations=22 (full 4):
 garbage-first heap   total 151552K, used 41797K [0x00000000c0000000, 0x0000000100000000)
  region size 1024K, 10 young (10240K), 10 survivors (10240K)
 Metaspace       used 7910K, committed 8128K, reserved 1114112K
  class space    used 1209K, committed 1344K, reserved 1048576K
}
Event: 2.346 GC heap before
{Heap before GC invocations=22 (full 4):
 garbage-first heap   total 151552K, used 123717K [0x00000000c0000000, 0x0000000100000000)
  region size 1024K, 78 young (79872K), 10 survivors (10240K)
 Metaspace       used 9278K, committed 9472K, reserved 1114112K
  class space    used 1424K, committed 1536K, reserved 1048576K
}
Event: 2.381 GC heap after
{Heap after GC invocations=23 (full 4):
 garbage-first heap   total 151552K, used 69872K [0x00000000c0000000, 0x0000000100000000)
  region size 1024K, 10 young (10240K), 10 survivors (10240K)
 Metaspace       used 9278K, committed 9472K, reserved 1114112K
  class space    used 1424K, committed 1536K, reserved 1048576K
}
Event: 2.461 GC heap before
{Heap before GC invocations=23 (full 4):
 garbage-first heap   total 151552K, used 116976K [0x00000000c0000000, 0x0000000100000000)
  region size 1024K, 56 young (57344K), 10 survivors (10240K)
 Metaspace       used 9313K, committed 9536K, reserved 1114112K
  class space    used 1424K, committed 1536K, reserved 1048576K
}
Event: 2.479 GC heap after
{Heap after GC invocations=24 (full 4):
 garbage-first heap   total 151552K, used 76726K [0x00000000c0000000, 0x0000000100000000)
  region size 1024K, 7 young (7168K), 7 survivors (7168K)
 Metaspace       used 9313K, committed 9536K, reserved 1114112K
  class space    used 1424K, committed 1536K, reserved 1048576K
}
Event: 2.538 GC heap before
{Heap before GC invocations=24 (full 4):
 garbage-first heap   total 151552K, used 119734K [0x00000000c0000000, 0x0000000100000000)
  region size 1024K, 49 young (50176K), 7 survivors (7168K)
 Metaspace       used 9313K, committed 9536K, reserved 1114112K
  class space    used 1424K, committed 1536K, reserved 1048576K
}
Event: 2.550 GC heap after
{Heap after GC invocations=25 (full 4):
 garbage-first heap   total 311296K, used 82101K [0x00000000c0000000, 0x0000000100000000)
  region size 1024K, 6 young (6144K), 6 survivors (6144K)
 Metaspace       used 9313K, committed 9536K, reserved 1114112K
  class space    used 1424K, committed 1536K, reserved 1048576K
}
Event: 2.670 GC heap before
{Heap before GC invocations=26 (full 4):
 garbage-first heap   total 304128K, used 108725K [0x00000000c0000000, 0x0000000100000000)
  region size 1024K, 42 young (43008K), 6 survivors (6144K)
 Metaspace       used 9358K, committed 9536K, reserved 1114112K
  class space    used 1453K, committed 1536K, reserved 1048576K
}
Event: 2.710 GC heap after
{Heap after GC invocations=27 (full 5):
 garbage-first heap   total 215040K, used 60798K [0x00000000c0000000, 0x0000000100000000)
  region size 1024K, 0 young (0K), 0 survivors (0K)
 Metaspace       used 9358K, committed 9536K, reserved 1114112K
  class space    used 1453K, committed 1536K, reserved 1048576K
}
Event: 2.889 GC heap before
{Heap before GC invocations=27 (full 5):
 garbage-first heap   total 215040K, used 153982K [0x00000000c0000000, 0x0000000100000000)
  region size 1024K, 91 young (93184K), 0 survivors (0K)
 Metaspace       used 9361K, committed 9600K, reserved 1114112K
  class space    used 1455K, committed 1600K, reserved 1048576K
}
Event: 2.899 GC heap after
{Heap after GC invocations=28 (full 5):
 garbage-first heap   total 215040K, used 71427K [0x00000000c0000000, 0x0000000100000000)
  region size 1024K, 11 young (11264K), 11 survivors (11264K)
 Metaspace       used 9361K, committed 9600K, reserved 1114112K
  class space    used 1455K, committed 1600K, reserved 1048576K
}
Event: 2.963 GC heap before
{Heap before GC invocations=28 (full 5):
 garbage-first heap   total 215040K, used 124675K [0x00000000c0000000, 0x0000000100000000)
  region size 1024K, 64 young (65536K), 11 survivors (11264K)
 Metaspace       used 9361K, committed 9600K, reserved 1114112K
  class space    used 1455K, committed 1600K, reserved 1048576K
}
Event: 3.027 GC heap after
{Heap after GC invocations=29 (full 6):
 garbage-first heap   total 215040K, used 72625K [0x00000000c0000000, 0x0000000100000000)
  region size 1024K, 0 young (0K), 0 survivors (0K)
 Metaspace       used 9361K, committed 9600K, reserved 1114112K
  class space    used 1455K, committed 1600K, reserved 1048576K
}
Event: 3.130 GC heap before
{Heap before GC invocations=29 (full 6):
 garbage-first heap   total 215040K, used 160689K [0x00000000c0000000, 0x0000000100000000)
  region size 1024K, 86 young (88064K), 0 survivors (0K)
 Metaspace       used 9362K, committed 9600K, reserved 1114112K
  class space    used 1455K, committed 1600K, reserved 1048576K
}
Event: 3.142 GC heap after
{Heap after GC invocations=30 (full 6):
 garbage-first heap   total 215040K, used 83590K [0x00000000c0000000, 0x0000000100000000)
  region size 1024K, 11 young (11264K), 11 survivors (11264K)
 Metaspace       used 9362K, committed 9600K, reserved 1114112K
  class space    used 1455K, committed 1600K, reserved 1048576K
}

